<?xml version="1.0" encoding="UTF-8"?>
<testsuite name="com.revature.service.JWTServiceTest" tests="2" skipped="0" failures="0" errors="0" timestamp="2022-04-01T14:45:46" hostname="DEVAS" time="2.91">
  <properties/>
  <testcase name="encryptStringTest()" classname="com.revature.service.JWTServiceTest" time="0.107"/>
  <testcase name="createJWTTest()" classname="com.revature.service.JWTServiceTest" time="2.787"/>
  <system-out><![CDATA[]]></system-out>
  <system-err><![CDATA[]]></system-err>
</testsuite>
