<?xml version="1.0" encoding="UTF-8"?>
<testsuite name="com.revature.service.UserServiceTest" tests="2" skipped="0" failures="0" errors="0" timestamp="2022-04-01T14:45:51" hostname="DEVAS" time="1.735">
  <properties/>
  <testcase name="testConnectionToDatabase()" classname="com.revature.service.UserServiceTest" time="1.733"/>
  <testcase name="unitTestTheUserLogin()" classname="com.revature.service.UserServiceTest" time="0.002"/>
  <system-out><![CDATA[]]></system-out>
  <system-err><![CDATA[]]></system-err>
</testsuite>
