<?xml version="1.0" encoding="UTF-8"?>
<testsuite name="com.revature.service.ReimbursementServiceTest" tests="6" skipped="0" failures="0" errors="0" timestamp="2022-04-01T14:45:51" hostname="DEVAS" time="0.294">
  <properties/>
  <testcase name="getReimbursementStatusTest()" classname="com.revature.service.ReimbursementServiceTest" time="0.123"/>
  <testcase name="getReimbursementForMgrByStatusTest()" classname="com.revature.service.ReimbursementServiceTest" time="0.032"/>
  <testcase name="getReimbursementTypesTest()" classname="com.revature.service.ReimbursementServiceTest" time="0.002"/>
  <testcase name="updateReimbursementStatusTest()" classname="com.revature.service.ReimbursementServiceTest" time="0.103"/>
  <testcase name="getReimbursementForMgr()" classname="com.revature.service.ReimbursementServiceTest" time="0.025"/>
  <testcase name="getReimbursementForEmpTest()" classname="com.revature.service.ReimbursementServiceTest" time="0.003"/>
  <system-out><![CDATA[]]></system-out>
  <system-err><![CDATA[]]></system-err>
</testsuite>
